Build started 8/8/2016 2:24:40 AM.
     1>Project "E:\Projects\GiantROM3 Game Jam\GiantROM3\E3Trail\E3Trail\E3Trail.vcxproj" on node 2 (Build target(s)).
     1>ClCompile:
         C:\Program Files (x86)\Microsoft Visual Studio 11.0\VC\bin\CL.exe /c /ZI /nologo /W3 /WX- /Od /Oy- /D WIN32 /D _DEBUG /D _WINDOWS /D _MBCS /Gm /EHsc /RTC1 /MDd /GS /fp:precise /Zc:wchar_t /Zc:forScope /Fo"Debug\\" /Fd"Debug\vc110.pdb" /Gd /TP /analyze- /errorReport:prompt Trail.cpp
         Trail.cpp
         c:\program files (x86)\microsoft directx sdk (june 2010)\include\dinput.h: DIRECTINPUT_VERSION undefined. Defaulting to version 0x0800
     1>e:\projects\giantrom3 game jam\giantrom3\e3trail\e3trail\character.h(40): warning C4244: '+=' : conversion from 'float' to 'int', possible loss of data
     1>e:\projects\giantrom3 game jam\giantrom3\e3trail\e3trail\trail.cpp(35): warning C4244: '=' : conversion from 'double' to 'float', possible loss of data
     1>e:\projects\giantrom3 game jam\giantrom3\e3trail\e3trail\trail.cpp(85): warning C4244: '=' : conversion from 'LONG' to 'float', possible loss of data
     1>e:\projects\giantrom3 game jam\giantrom3\e3trail\e3trail\trail.cpp(86): warning C4244: '=' : conversion from 'LONG' to 'float', possible loss of data
     1>e:\projects\giantrom3 game jam\giantrom3\e3trail\e3trail\trail.cpp(100): warning C4244: '=' : conversion from 'LONG' to 'float', possible loss of data
     1>e:\projects\giantrom3 game jam\giantrom3\e3trail\e3trail\trail.cpp(101): warning C4244: '=' : conversion from 'LONG' to 'float', possible loss of data
     1>e:\projects\giantrom3 game jam\giantrom3\e3trail\e3trail\trail.cpp(121): warning C4244: '=' : conversion from 'int' to 'float', possible loss of data
     1>e:\projects\giantrom3 game jam\giantrom3\e3trail\e3trail\trail.cpp(168): warning C4996: 'sprintf': This function or variable may be unsafe. Consider using sprintf_s instead. To disable deprecation, use _CRT_SECURE_NO_WARNINGS. See online help for details.
                 c:\program files (x86)\microsoft visual studio 11.0\vc\include\stdio.h(357) : see declaration of 'sprintf'
     1>e:\projects\giantrom3 game jam\giantrom3\e3trail\e3trail\trail.cpp(173): warning C4996: 'sprintf': This function or variable may be unsafe. Consider using sprintf_s instead. To disable deprecation, use _CRT_SECURE_NO_WARNINGS. See online help for details.
                 c:\program files (x86)\microsoft visual studio 11.0\vc\include\stdio.h(357) : see declaration of 'sprintf'
     1>e:\projects\giantrom3 game jam\giantrom3\e3trail\e3trail\trail.cpp(178): warning C4996: 'sprintf': This function or variable may be unsafe. Consider using sprintf_s instead. To disable deprecation, use _CRT_SECURE_NO_WARNINGS. See online help for details.
                 c:\program files (x86)\microsoft visual studio 11.0\vc\include\stdio.h(357) : see declaration of 'sprintf'
     1>e:\projects\giantrom3 game jam\giantrom3\e3trail\e3trail\trail.cpp(183): warning C4996: 'sprintf': This function or variable may be unsafe. Consider using sprintf_s instead. To disable deprecation, use _CRT_SECURE_NO_WARNINGS. See online help for details.
                 c:\program files (x86)\microsoft visual studio 11.0\vc\include\stdio.h(357) : see declaration of 'sprintf'
     1>e:\projects\giantrom3 game jam\giantrom3\e3trail\e3trail\trail.cpp(189): warning C4101: 'buffer' : unreferenced local variable
     1>e:\projects\giantrom3 game jam\giantrom3\e3trail\e3trail\trail.cpp(281): warning C4996: 'sprintf': This function or variable may be unsafe. Consider using sprintf_s instead. To disable deprecation, use _CRT_SECURE_NO_WARNINGS. See online help for details.
                 c:\program files (x86)\microsoft visual studio 11.0\vc\include\stdio.h(357) : see declaration of 'sprintf'
     1>e:\projects\giantrom3 game jam\giantrom3\e3trail\e3trail\trail.cpp(286): warning C4996: 'sprintf': This function or variable may be unsafe. Consider using sprintf_s instead. To disable deprecation, use _CRT_SECURE_NO_WARNINGS. See online help for details.
                 c:\program files (x86)\microsoft visual studio 11.0\vc\include\stdio.h(357) : see declaration of 'sprintf'
     1>e:\projects\giantrom3 game jam\giantrom3\e3trail\e3trail\trail.cpp(291): warning C4996: 'sprintf': This function or variable may be unsafe. Consider using sprintf_s instead. To disable deprecation, use _CRT_SECURE_NO_WARNINGS. See online help for details.
                 c:\program files (x86)\microsoft visual studio 11.0\vc\include\stdio.h(357) : see declaration of 'sprintf'
     1>e:\projects\giantrom3 game jam\giantrom3\e3trail\e3trail\trail.cpp(293): warning C4996: 'sprintf': This function or variable may be unsafe. Consider using sprintf_s instead. To disable deprecation, use _CRT_SECURE_NO_WARNINGS. See online help for details.
                 c:\program files (x86)\microsoft visual studio 11.0\vc\include\stdio.h(357) : see declaration of 'sprintf'
     1>e:\projects\giantrom3 game jam\giantrom3\e3trail\e3trail\trail.cpp(295): warning C4996: 'sprintf': This function or variable may be unsafe. Consider using sprintf_s instead. To disable deprecation, use _CRT_SECURE_NO_WARNINGS. See online help for details.
                 c:\program files (x86)\microsoft visual studio 11.0\vc\include\stdio.h(357) : see declaration of 'sprintf'
     1>e:\projects\giantrom3 game jam\giantrom3\e3trail\e3trail\trail.cpp(297): warning C4996: 'sprintf': This function or variable may be unsafe. Consider using sprintf_s instead. To disable deprecation, use _CRT_SECURE_NO_WARNINGS. See online help for details.
                 c:\program files (x86)\microsoft visual studio 11.0\vc\include\stdio.h(357) : see declaration of 'sprintf'
     1>e:\projects\giantrom3 game jam\giantrom3\e3trail\e3trail\trail.cpp(299): warning C4996: 'sprintf': This function or variable may be unsafe. Consider using sprintf_s instead. To disable deprecation, use _CRT_SECURE_NO_WARNINGS. See online help for details.
                 c:\program files (x86)\microsoft visual studio 11.0\vc\include\stdio.h(357) : see declaration of 'sprintf'
     1>e:\projects\giantrom3 game jam\giantrom3\e3trail\e3trail\trail.cpp(301): warning C4996: 'sprintf': This function or variable may be unsafe. Consider using sprintf_s instead. To disable deprecation, use _CRT_SECURE_NO_WARNINGS. See online help for details.
                 c:\program files (x86)\microsoft visual studio 11.0\vc\include\stdio.h(357) : see declaration of 'sprintf'
       Link:
         C:\Program Files (x86)\Microsoft Visual Studio 11.0\VC\bin\link.exe /ERRORREPORT:PROMPT /OUT:"E:\Projects\GiantROM3 Game Jam\GiantROM3\E3Trail\Debug\E3Trail.exe" /INCREMENTAL /NOLOGO kernel32.lib user32.lib gdi32.lib winspool.lib comdlg32.lib advapi32.lib shell32.lib ole32.lib oleaut32.lib uuid.lib odbc32.lib odbccp32.lib /MANIFEST /MANIFESTUAC:"level='asInvoker' uiAccess='false'" /manifest:embed /DEBUG /PDB:"E:\Projects\GiantROM3 Game Jam\GiantROM3\E3Trail\Debug\E3Trail.pdb" /SUBSYSTEM:WINDOWS /TLBID:1 /DYNAMICBASE /NXCOMPAT /IMPLIB:"E:\Projects\GiantROM3 Game Jam\GiantROM3\E3Trail\Debug\E3Trail.lib" /MACHINE:X86 Debug\Button.obj
         Debug\Engine.obj
         Debug\Game.obj
         Debug\Graphics.obj
         Debug\InputSystem.obj
         Debug\Item.obj
         Debug\MenuSystem.obj
         Debug\MessageSystem.obj
         Debug\RenVector.obj
         Debug\ResourceManager.obj
         Debug\Sound.obj
         Debug\Trail.obj
         Debug\winMain.obj
         E3Trail.vcxproj -> E:\Projects\GiantROM3 Game Jam\GiantROM3\E3Trail\Debug\E3Trail.exe
     1>Done Building Project "E:\Projects\GiantROM3 Game Jam\GiantROM3\E3Trail\E3Trail\E3Trail.vcxproj" (Build target(s)).

Build succeeded.

Time Elapsed 00:00:01.49
