E:\PROJECTS\GIANTROM3 GAME JAM\GIANTROM3\E3TRAIL\E3TRAIL\DEBUG\GAME.OBJ
E:\PROJECTS\GIANTROM3 GAME JAM\GIANTROM3\E3TRAIL\E3TRAIL\DEBUG\TRAIL.OBJ
E:\PROJECTS\GIANTROM3 GAME JAM\GIANTROM3\E3TRAIL\E3TRAIL\DEBUG\WINMAIN.OBJ
E:\PROJECTS\GIANTROM3 GAME JAM\GIANTROM3\E3TRAIL\E3TRAIL\DEBUG\BUTTON.OBJ
E:\PROJECTS\GIANTROM3 GAME JAM\GIANTROM3\E3TRAIL\E3TRAIL\DEBUG\ENGINE.OBJ
E:\PROJECTS\GIANTROM3 GAME JAM\GIANTROM3\E3TRAIL\E3TRAIL\DEBUG\GRAPHICS.OBJ
E:\PROJECTS\GIANTROM3 GAME JAM\GIANTROM3\E3TRAIL\E3TRAIL\DEBUG\INPUTSYSTEM.OBJ
E:\PROJECTS\GIANTROM3 GAME JAM\GIANTROM3\E3TRAIL\E3TRAIL\DEBUG\MENUSYSTEM.OBJ
E:\PROJECTS\GIANTROM3 GAME JAM\GIANTROM3\E3TRAIL\E3TRAIL\DEBUG\RESOURCEMANAGER.OBJ
E:\PROJECTS\GIANTROM3 GAME JAM\GIANTROM3\E3TRAIL\E3TRAIL\DEBUG\VC110.PDB
E:\PROJECTS\GIANTROM3 GAME JAM\GIANTROM3\E3TRAIL\E3TRAIL\DEBUG\ITEM.OBJ
E:\PROJECTS\GIANTROM3 GAME JAM\GIANTROM3\E3TRAIL\E3TRAIL\DEBUG\MESSAGESYSTEM.OBJ
E:\PROJECTS\GIANTROM3 GAME JAM\GIANTROM3\E3TRAIL\E3TRAIL\DEBUG\RENVECTOR.OBJ
E:\PROJECTS\GIANTROM3 GAME JAM\GIANTROM3\E3TRAIL\E3TRAIL\DEBUG\SOUND.OBJ
E:\PROJECTS\GIANTROM3 GAME JAM\GIANTROM3\E3TRAIL\DEBUG\E3TRAIL.ILK
E:\PROJECTS\GIANTROM3 GAME JAM\GIANTROM3\E3TRAIL\DEBUG\E3TRAIL.EXE
E:\PROJECTS\GIANTROM3 GAME JAM\GIANTROM3\E3TRAIL\DEBUG\E3TRAIL.PDB
E:\Projects\GiantROM3 Game Jam\GiantROM3\E3Trail\E3Trail\Debug\Button.obj
E:\Projects\GiantROM3 Game Jam\GiantROM3\E3Trail\E3Trail\Debug\Engine.obj
E:\Projects\GiantROM3 Game Jam\GiantROM3\E3Trail\E3Trail\Debug\Game.obj
E:\Projects\GiantROM3 Game Jam\GiantROM3\E3Trail\E3Trail\Debug\Graphics.obj
E:\Projects\GiantROM3 Game Jam\GiantROM3\E3Trail\E3Trail\Debug\InputSystem.obj
E:\Projects\GiantROM3 Game Jam\GiantROM3\E3Trail\E3Trail\Debug\Item.obj
E:\Projects\GiantROM3 Game Jam\GiantROM3\E3Trail\E3Trail\Debug\MenuSystem.obj
E:\Projects\GiantROM3 Game Jam\GiantROM3\E3Trail\E3Trail\Debug\MessageSystem.obj
E:\Projects\GiantROM3 Game Jam\GiantROM3\E3Trail\E3Trail\Debug\RenVector.obj
E:\Projects\GiantROM3 Game Jam\GiantROM3\E3Trail\E3Trail\Debug\ResourceManager.obj
E:\Projects\GiantROM3 Game Jam\GiantROM3\E3Trail\E3Trail\Debug\Sound.obj
E:\Projects\GiantROM3 Game Jam\GiantROM3\E3Trail\E3Trail\Debug\Trail.obj
E:\Projects\GiantROM3 Game Jam\GiantROM3\E3Trail\E3Trail\Debug\winMain.obj
E:\Projects\GiantROM3 Game Jam\GiantROM3\E3Trail\E3Trail\Debug\cl.command.1.tlog
E:\Projects\GiantROM3 Game Jam\GiantROM3\E3Trail\E3Trail\Debug\CL.read.1.tlog
E:\Projects\GiantROM3 Game Jam\GiantROM3\E3Trail\E3Trail\Debug\CL.write.1.tlog
E:\Projects\GiantROM3 Game Jam\GiantROM3\E3Trail\E3Trail\Debug\link-cvtres.read.1.tlog
E:\Projects\GiantROM3 Game Jam\GiantROM3\E3Trail\E3Trail\Debug\link-cvtres.write.1.tlog
E:\Projects\GiantROM3 Game Jam\GiantROM3\E3Trail\E3Trail\Debug\link-rc.read.1.tlog
E:\Projects\GiantROM3 Game Jam\GiantROM3\E3Trail\E3Trail\Debug\link-rc.write.1.tlog
E:\Projects\GiantROM3 Game Jam\GiantROM3\E3Trail\E3Trail\Debug\link.5596-cvtres.read.1.tlog
E:\Projects\GiantROM3 Game Jam\GiantROM3\E3Trail\E3Trail\Debug\link.5596-cvtres.write.1.tlog
E:\Projects\GiantROM3 Game Jam\GiantROM3\E3Trail\E3Trail\Debug\link.5596-rc.read.1.tlog
E:\Projects\GiantROM3 Game Jam\GiantROM3\E3Trail\E3Trail\Debug\link.5596-rc.write.1.tlog
E:\Projects\GiantROM3 Game Jam\GiantROM3\E3Trail\E3Trail\Debug\link.5596.read.1.tlog
E:\Projects\GiantROM3 Game Jam\GiantROM3\E3Trail\E3Trail\Debug\link.5596.write.1.tlog
E:\Projects\GiantROM3 Game Jam\GiantROM3\E3Trail\E3Trail\Debug\link.6676-cvtres.read.1.tlog
E:\Projects\GiantROM3 Game Jam\GiantROM3\E3Trail\E3Trail\Debug\link.6676-cvtres.write.1.tlog
E:\Projects\GiantROM3 Game Jam\GiantROM3\E3Trail\E3Trail\Debug\link.6676-rc.read.1.tlog
E:\Projects\GiantROM3 Game Jam\GiantROM3\E3Trail\E3Trail\Debug\link.6676-rc.write.1.tlog
E:\Projects\GiantROM3 Game Jam\GiantROM3\E3Trail\E3Trail\Debug\link.6676.read.1.tlog
E:\Projects\GiantROM3 Game Jam\GiantROM3\E3Trail\E3Trail\Debug\link.6676.write.1.tlog
E:\Projects\GiantROM3 Game Jam\GiantROM3\E3Trail\E3Trail\Debug\link.8240-cvtres.read.1.tlog
E:\Projects\GiantROM3 Game Jam\GiantROM3\E3Trail\E3Trail\Debug\link.8240-cvtres.write.1.tlog
E:\Projects\GiantROM3 Game Jam\GiantROM3\E3Trail\E3Trail\Debug\link.8240-rc.read.1.tlog
E:\Projects\GiantROM3 Game Jam\GiantROM3\E3Trail\E3Trail\Debug\link.8240-rc.write.1.tlog
E:\Projects\GiantROM3 Game Jam\GiantROM3\E3Trail\E3Trail\Debug\link.8240.read.1.tlog
E:\Projects\GiantROM3 Game Jam\GiantROM3\E3Trail\E3Trail\Debug\link.8240.write.1.tlog
E:\Projects\GiantROM3 Game Jam\GiantROM3\E3Trail\E3Trail\Debug\link.command.1.tlog
E:\Projects\GiantROM3 Game Jam\GiantROM3\E3Trail\E3Trail\Debug\link.read.1.tlog
E:\Projects\GiantROM3 Game Jam\GiantROM3\E3Trail\E3Trail\Debug\link.write.1.tlog
E:\Projects\GiantROM3 Game Jam\GiantROM3\E3Trail\E3Trail\Debug\vc110.idb
E:\Projects\GiantROM3 Game Jam\GiantROM3\E3Trail\E3Trail\Debug\vc110.pdb
E:\Projects\GiantROM3 Game Jam\GiantROM3\E3Trail\Debug\E3Trail.pdb
E:\Projects\GiantROM3 Game Jam\GiantROM3\E3Trail\Debug\E3Trail.exe
E:\Projects\GiantROM3 Game Jam\GiantROM3\E3Trail\Debug\E3Trail.ilk
